<?xml version="1.0" encoding="UTF-8"?>
<!-- Generated by org.testng.reporters.JUnitReportReporter -->
<testsuite skipped="0" hostname="User-PC" name="snapChat1.KIchhaTest" tests="1" failures="0" timestamp="15 Mar 2022 06:42:16 GMT" time="0.036" errors="0">
  <testcase name="kIchhaTest" time="0.036" classname="snapChat1.KIchhaTest"/>
</testsuite> <!-- snapChat1.KIchhaTest -->
